[32m[I 2026-05-22 13:44:52,469][0m Trial 27 finished with value: 79.08608930775705 and parameters: {'w_xte': 1.1389119587920495, 'w_heading': 3.835995146107628, 'w_speed': 0.08335748612021697, 'w_smooth': 0.10669839586930283, 'w_rate': 2.6482849198496634, 'w_shield_hint': 0.5030760088256147, 'hydro_sigma': 0.03929978172766278, 'obs_noise_pos': 0.18915971466836, 'lr': 5.624769194515135e-05, 'n_steps': 512, 'batch_size': 128, 'gamma': 0.9867537315490548, 'gae_lambda': 0.9809851858030072, 'clip_range': 0.13158962983958722, 'ent_coef': 4.3383850868052845e-06, 'vf_coef': 0.7793203492224422, 'max_grad_norm': 0.6266878777887844, 'n_epochs': 5}. Best is trial 15 with value: 82.7155136042661.[0m
[trial 028] fitness=+81.589  xte=11.25m  yaw=9.47°  smooth=0.44  shield=0.00%  (24.8s)
[32m[I 2026-05-22 13:45:17,470][0m Trial 28 finished with value: 81.58924704755353 and parameters: {'w_xte': 0.7824579782079976, 'w_heading': 5.31235432472556, 'w_speed': 0.11267449699152234, 'w_smooth': 0.37541786267431143, 'w_rate': 3.3551746617811795, 'w_shield_hint': 0.2732456291436205, 'hydro_sigma': 0.06188740450808572, 'obs_noise_pos': 0.41603646213719553, 'lr': 7.103602891466083e-05, 'n_steps': 512, 'batch_size': 256, 'gamma': 0.9937097283082194, 'gae_lambda': 0.9397829887593622, 'clip_range': 0.26414574703717614, 'ent_coef': 1.8589207366288584e-06, 'vf_coef': 0.9827540338693457, 'max_grad_norm': 0.3121571054455279, 'n_epochs': 3}. Best is trial 15 with value: 82.7155136042661.[0m
[trial 029] fitness=+65.659  xte=10.97m  yaw=9.17°  smooth=3.69  shield=0.60%  (27.0s)
[32m[I 2026-05-22 13:45:44,595][0m Trial 29 finished with value: 65.6594021389768 and parameters: {'w_xte': 1.2527756713009643, 'w_heading': 7.46432349704149, 'w_speed': 0.15538460476977486, 'w_smooth': 0.9905575254177291, 'w_rate': 1.085005862221261, 'w_shield_hint': 0.11105121041999677, 'hydro_sigma': 0.027058664398124835, 'obs_noise_pos': 0.49415643604995363, 'lr': 9.024189317376723e-05, 'n_steps': 1024, 'batch_size': 128, 'gamma': 0.9584841680845457, 'gae_lambda': 0.9703238407879331, 'clip_range': 0.2048521779645079, 'ent_coef': 8.709250874271045e-05, 'vf_coef': 0.8773236258204421, 'max_grad_norm': 0.7171186669032323, 'n_epochs': 4}. Best is trial 15 with value: 82.7155136042661.[0m

[best] trial #15  fitness=82.716
                  w_xte = 1.8757242606710938
              w_heading = 3.5926161422749336
                w_speed = 0.09805735135150942
               w_smooth = 0.23114017790053898
                 w_rate = 4.964477902723519
          w_shield_hint = 0.35072145495747864
            hydro_sigma = 0.030596235800291388
          obs_noise_pos = 0.31716316294732083
                     lr = 4.437941647306535e-05
                n_steps = 512
             batch_size = 128
                  gamma = 0.9929741810498209
             gae_lambda = 0.9886447982112292
             clip_range = 0.24005756664995892
               ent_coef = 1.2359226135380003e-06
                vf_coef = 0.9874026111787179
          max_grad_norm = 0.5833848434539777
               n_epochs = 5
/workspace/src/ship_control/scripts/train_rl_optuna.py:212: UserWarning: # 'dynamic_axes' is not recommended when dynamo=True, and may lead to 'torch._dynamo.exc.UserError: Constraints violated.' Supply the 'dynamic_shapes' argument instead if export is unsuccessful.
  torch.onnx.export(
W0522 13:45:44.924000 6595 torch/onnx/_internal/exporter/_compat.py:133] Setting ONNX exporter to use operator set version 18 because the requested opset_version 17 is a lower version than we have implementations for. Automatic version conversion will be performed, which may not be successful at converting to the requested version. If version conversion is unsuccessful, the opset version of the exported model will be kept at 18. Please consider setting opset_version >=18 to leverage latest ONNX features
W0522 13:45:45.303000 6595 torch/onnx/_internal/exporter/_registration.py:107] torchvision is not installed. Skipping torchvision::nms
W0522 13:45:45.304000 6595 torch/onnx/_internal/exporter/_registration.py:107] torchvision is not installed. Skipping torchvision::roi_align
W0522 13:45:45.304000 6595 torch/onnx/_internal/exporter/_registration.py:107] torchvision is not installed. Skipping torchvision::roi_pool
[torch.onnx] Obtain model graph for `_DeterministicActorWrapper([...]` with `torch.export.export(..., strict=False)`...
[torch.onnx] Obtain model graph for `_DeterministicActorWrapper([...]` with `torch.export.export(..., strict=False)`... ✅
[torch.onnx] Run decompositions...
/usr/lib/python3.12/copyreg.py:99: FutureWarning: `isinstance(treespec, LeafSpec)` is deprecated, use `isinstance(treespec, TreeSpec) and treespec.is_leaf()` instead.
  return cls.__new__(cls, *args)
[torch.onnx] Run decompositions... ✅
[torch.onnx] Translate the graph into ONNX...
[torch.onnx] Translate the graph into ONNX... ✅
The model version conversion is not supported by the onnxscript version converter and fallback is enabled. The model will be converted using the onnx C API (target version: 17).
[torch.onnx] Optimize the ONNX graph...
[torch.onnx] Optimize the ONNX graph... ✅
[onnx] 导出策略到  /workspace/models/rl_policy_best.onnx  (1.9 KiB)
[best] 元数据  → /workspace/models/rl_policy_best.json
/workspace/src/ship_control/scripts/train_rl_optuna.py:382: UserWarning: Glyph 20248 (\N{CJK UNIFIED IDEOGRAPH-4F18}) missing from font(s) DejaVu Sans.
  fig.tight_layout()
/workspace/src/ship_control/scripts/train_rl_optuna.py:382: UserWarning: Glyph 21270 (\N{CJK UNIFIED IDEOGRAPH-5316}) missing from font(s) DejaVu Sans.
  fig.tight_layout()
/workspace/src/ship_control/scripts/train_rl_optuna.py:382: UserWarning: Glyph 21069 (\N{CJK UNIFIED IDEOGRAPH-524D}) missing from font(s) DejaVu Sans.
  fig.tight_layout()
/workspace/src/ship_control/scripts/train_rl_optuna.py:382: UserWarning: Glyph 21518 (\N{CJK UNIFIED IDEOGRAPH-540E}) missing from font(s) DejaVu Sans.
  fig.tight_layout()
/workspace/src/ship_control/scripts/train_rl_optuna.py:382: UserWarning: Glyph 29289 (\N{CJK UNIFIED IDEOGRAPH-7269}) missing from font(s) DejaVu Sans.
  fig.tight_layout()
/workspace/src/ship_control/scripts/train_rl_optuna.py:382: UserWarning: Glyph 29702 (\N{CJK UNIFIED IDEOGRAPH-7406}) missing from font(s) DejaVu Sans.
  fig.tight_layout()
/workspace/src/ship_control/scripts/train_rl_optuna.py:382: UserWarning: Glyph 25351 (\N{CJK UNIFIED IDEOGRAPH-6307}) missing from font(s) DejaVu Sans.
  fig.tight_layout()
/workspace/src/ship_control/scripts/train_rl_optuna.py:382: UserWarning: Glyph 26631 (\N{CJK UNIFIED IDEOGRAPH-6807}) missing from font(s) DejaVu Sans.
  fig.tight_layout()
/workspace/src/ship_control/scripts/train_rl_optuna.py:382: UserWarning: Glyph 23545 (\N{CJK UNIFIED IDEOGRAPH-5BF9}) missing from font(s) DejaVu Sans.
  fig.tight_layout()
/workspace/src/ship_control/scripts/train_rl_optuna.py:382: UserWarning: Glyph 27604 (\N{CJK UNIFIED IDEOGRAPH-6BD4}) missing from font(s) DejaVu Sans.
  fig.tight_layout()
/workspace/src/ship_control/scripts/train_rl_optuna.py:382: UserWarning: Glyph 65288 (\N{FULLWIDTH LEFT PARENTHESIS}) missing from font(s) DejaVu Sans.
  fig.tight_layout()
/workspace/src/ship_control/scripts/train_rl_optuna.py:382: UserWarning: Glyph 36234 (\N{CJK UNIFIED IDEOGRAPH-8D8A}) missing from font(s) DejaVu Sans.
  fig.tight_layout()
/workspace/src/ship_control/scripts/train_rl_optuna.py:382: UserWarning: Glyph 22806 (\N{CJK UNIFIED IDEOGRAPH-5916}) missing from font(s) DejaVu Sans.
  fig.tight_layout()
/workspace/src/ship_control/scripts/train_rl_optuna.py:382: UserWarning: Glyph 22909 (\N{CJK UNIFIED IDEOGRAPH-597D}) missing from font(s) DejaVu Sans.
  fig.tight_layout()
/workspace/src/ship_control/scripts/train_rl_optuna.py:382: UserWarning: Glyph 65289 (\N{FULLWIDTH RIGHT PARENTHESIS}) missing from font(s) DejaVu Sans.
  fig.tight_layout()
/workspace/src/ship_control/scripts/train_rl_optuna.py:384: UserWarning: Glyph 20248 (\N{CJK UNIFIED IDEOGRAPH-4F18}) missing from font(s) DejaVu Sans.
  fig.savefig(png_path, dpi=140)
/workspace/src/ship_control/scripts/train_rl_optuna.py:384: UserWarning: Glyph 21270 (\N{CJK UNIFIED IDEOGRAPH-5316}) missing from font(s) DejaVu Sans.
  fig.savefig(png_path, dpi=140)
/workspace/src/ship_control/scripts/train_rl_optuna.py:384: UserWarning: Glyph 21069 (\N{CJK UNIFIED IDEOGRAPH-524D}) missing from font(s) DejaVu Sans.
  fig.savefig(png_path, dpi=140)
/workspace/src/ship_control/scripts/train_rl_optuna.py:384: UserWarning: Glyph 21518 (\N{CJK UNIFIED IDEOGRAPH-540E}) missing from font(s) DejaVu Sans.
  fig.savefig(png_path, dpi=140)
/workspace/src/ship_control/scripts/train_rl_optuna.py:384: UserWarning: Glyph 29289 (\N{CJK UNIFIED IDEOGRAPH-7269}) missing from font(s) DejaVu Sans.
  fig.savefig(png_path, dpi=140)
/workspace/src/ship_control/scripts/train_rl_optuna.py:384: UserWarning: Glyph 29702 (\N{CJK UNIFIED IDEOGRAPH-7406}) missing from font(s) DejaVu Sans.
  fig.savefig(png_path, dpi=140)
/workspace/src/ship_control/scripts/train_rl_optuna.py:384: UserWarning: Glyph 25351 (\N{CJK UNIFIED IDEOGRAPH-6307}) missing from font(s) DejaVu Sans.
  fig.savefig(png_path, dpi=140)
/workspace/src/ship_control/scripts/train_rl_optuna.py:384: UserWarning: Glyph 26631 (\N{CJK UNIFIED IDEOGRAPH-6807}) missing from font(s) DejaVu Sans.
  fig.savefig(png_path, dpi=140)
/workspace/src/ship_control/scripts/train_rl_optuna.py:384: UserWarning: Glyph 23545 (\N{CJK UNIFIED IDEOGRAPH-5BF9}) missing from font(s) DejaVu Sans.
  fig.savefig(png_path, dpi=140)
/workspace/src/ship_control/scripts/train_rl_optuna.py:384: UserWarning: Glyph 27604 (\N{CJK UNIFIED IDEOGRAPH-6BD4}) missing from font(s) DejaVu Sans.
  fig.savefig(png_path, dpi=140)
/workspace/src/ship_control/scripts/train_rl_optuna.py:384: UserWarning: Glyph 65288 (\N{FULLWIDTH LEFT PARENTHESIS}) missing from font(s) DejaVu Sans.
  fig.savefig(png_path, dpi=140)
/workspace/src/ship_control/scripts/train_rl_optuna.py:384: UserWarning: Glyph 36234 (\N{CJK UNIFIED IDEOGRAPH-8D8A}) missing from font(s) DejaVu Sans.
  fig.savefig(png_path, dpi=140)
/workspace/src/ship_control/scripts/train_rl_optuna.py:384: UserWarning: Glyph 22806 (\N{CJK UNIFIED IDEOGRAPH-5916}) missing from font(s) DejaVu Sans.
  fig.savefig(png_path, dpi=140)
/workspace/src/ship_control/scripts/train_rl_optuna.py:384: UserWarning: Glyph 22909 (\N{CJK UNIFIED IDEOGRAPH-597D}) missing from font(s) DejaVu Sans.
  fig.savefig(png_path, dpi=140)
/workspace/src/ship_control/scripts/train_rl_optuna.py:384: UserWarning: Glyph 65289 (\N{FULLWIDTH RIGHT PARENTHESIS}) missing from font(s) DejaVu Sans.
  fig.savefig(png_path, dpi=140)
[viz] 雷达图  → /workspace/logs/radar_first_vs_best.png
/workspace/src/ship_control/scripts/train_rl_optuna.py:420: UserWarning: Glyph 39564 (\N{CJK UNIFIED IDEOGRAPH-9A8C}) missing from font(s) DejaVu Sans.
  fig.tight_layout()
/workspace/src/ship_control/scripts/train_rl_optuna.py:420: UserWarning: Glyph 35777 (\N{CJK UNIFIED IDEOGRAPH-8BC1}) missing from font(s) DejaVu Sans.
  fig.tight_layout()
/workspace/src/ship_control/scripts/train_rl_optuna.py:420: UserWarning: Glyph 38598 (\N{CJK UNIFIED IDEOGRAPH-96C6}) missing from font(s) DejaVu Sans.
  fig.tight_layout()
/workspace/src/ship_control/scripts/train_rl_optuna.py:420: UserWarning: Glyph 21160 (\N{CJK UNIFIED IDEOGRAPH-52A8}) missing from font(s) DejaVu Sans.
  fig.tight_layout()
/workspace/src/ship_control/scripts/train_rl_optuna.py:420: UserWarning: Glyph 20316 (\N{CJK UNIFIED IDEOGRAPH-4F5C}) missing from font(s) DejaVu Sans.
  fig.tight_layout()
/workspace/src/ship_control/scripts/train_rl_optuna.py:420: UserWarning: Glyph 23545 (\N{CJK UNIFIED IDEOGRAPH-5BF9}) missing from font(s) DejaVu Sans.
  fig.tight_layout()
/workspace/src/ship_control/scripts/train_rl_optuna.py:420: UserWarning: Glyph 27604 (\N{CJK UNIFIED IDEOGRAPH-6BD4}) missing from font(s) DejaVu Sans.
  fig.tight_layout()
/workspace/src/ship_control/scripts/train_rl_optuna.py:420: UserWarning: Glyph 65306 (\N{FULLWIDTH COLON}) missing from font(s) DejaVu Sans.
  fig.tight_layout()
/workspace/src/ship_control/scripts/train_rl_optuna.py:420: UserWarning: Glyph 21407 (\N{CJK UNIFIED IDEOGRAPH-539F}) missing from font(s) DejaVu Sans.
  fig.tight_layout()
/workspace/src/ship_control/scripts/train_rl_optuna.py:420: UserWarning: Glyph 22987 (\N{CJK UNIFIED IDEOGRAPH-59CB}) missing from font(s) DejaVu Sans.
  fig.tight_layout()
/workspace/src/ship_control/scripts/train_rl_optuna.py:420: UserWarning: Glyph 36755 (\N{CJK UNIFIED IDEOGRAPH-8F93}) missing from font(s) DejaVu Sans.
  fig.tight_layout()
/workspace/src/ship_control/scripts/train_rl_optuna.py:420: UserWarning: Glyph 20986 (\N{CJK UNIFIED IDEOGRAPH-51FA}) missing from font(s) DejaVu Sans.
  fig.tight_layout()
/workspace/src/ship_control/scripts/train_rl_optuna.py:420: UserWarning: Glyph 20223 (\N{CJK UNIFIED IDEOGRAPH-4EFF}) missing from font(s) DejaVu Sans.
  fig.tight_layout()
/workspace/src/ship_control/scripts/train_rl_optuna.py:420: UserWarning: Glyph 30495 (\N{CJK UNIFIED IDEOGRAPH-771F}) missing from font(s) DejaVu Sans.
  fig.tight_layout()
/workspace/src/ship_control/scripts/train_rl_optuna.py:420: UserWarning: Glyph 25252 (\N{CJK UNIFIED IDEOGRAPH-62A4}) missing from font(s) DejaVu Sans.
  fig.tight_layout()
/workspace/src/ship_control/scripts/train_rl_optuna.py:420: UserWarning: Glyph 30462 (\N{CJK UNIFIED IDEOGRAPH-76FE}) missing from font(s) DejaVu Sans.
  fig.tight_layout()
/workspace/src/ship_control/scripts/train_rl_optuna.py:420: UserWarning: Glyph 20462 (\N{CJK UNIFIED IDEOGRAPH-4FEE}) missing from font(s) DejaVu Sans.
  fig.tight_layout()
/workspace/src/ship_control/scripts/train_rl_optuna.py:420: UserWarning: Glyph 27491 (\N{CJK UNIFIED IDEOGRAPH-6B63}) missing from font(s) DejaVu Sans.
  fig.tight_layout()
/workspace/src/ship_control/scripts/train_rl_optuna.py:420: UserWarning: Glyph 21518 (\N{CJK UNIFIED IDEOGRAPH-540E}) missing from font(s) DejaVu Sans.
  fig.tight_layout()
/workspace/src/ship_control/scripts/train_rl_optuna.py:422: UserWarning: Glyph 39564 (\N{CJK UNIFIED IDEOGRAPH-9A8C}) missing from font(s) DejaVu Sans.
  fig.savefig(png_path, dpi=140)
/workspace/src/ship_control/scripts/train_rl_optuna.py:422: UserWarning: Glyph 35777 (\N{CJK UNIFIED IDEOGRAPH-8BC1}) missing from font(s) DejaVu Sans.
  fig.savefig(png_path, dpi=140)
/workspace/src/ship_control/scripts/train_rl_optuna.py:422: UserWarning: Glyph 38598 (\N{CJK UNIFIED IDEOGRAPH-96C6}) missing from font(s) DejaVu Sans.
  fig.savefig(png_path, dpi=140)
/workspace/src/ship_control/scripts/train_rl_optuna.py:422: UserWarning: Glyph 21160 (\N{CJK UNIFIED IDEOGRAPH-52A8}) missing from font(s) DejaVu Sans.
  fig.savefig(png_path, dpi=140)
/workspace/src/ship_control/scripts/train_rl_optuna.py:422: UserWarning: Glyph 20316 (\N{CJK UNIFIED IDEOGRAPH-4F5C}) missing from font(s) DejaVu Sans.
  fig.savefig(png_path, dpi=140)
/workspace/src/ship_control/scripts/train_rl_optuna.py:422: UserWarning: Glyph 23545 (\N{CJK UNIFIED IDEOGRAPH-5BF9}) missing from font(s) DejaVu Sans.
  fig.savefig(png_path, dpi=140)
/workspace/src/ship_control/scripts/train_rl_optuna.py:422: UserWarning: Glyph 27604 (\N{CJK UNIFIED IDEOGRAPH-6BD4}) missing from font(s) DejaVu Sans.
  fig.savefig(png_path, dpi=140)
/workspace/src/ship_control/scripts/train_rl_optuna.py:422: UserWarning: Glyph 65306 (\N{FULLWIDTH COLON}) missing from font(s) DejaVu Sans.
  fig.savefig(png_path, dpi=140)
/workspace/src/ship_control/scripts/train_rl_optuna.py:422: UserWarning: Glyph 21407 (\N{CJK UNIFIED IDEOGRAPH-539F}) missing from font(s) DejaVu Sans.
  fig.savefig(png_path, dpi=140)
/workspace/src/ship_control/scripts/train_rl_optuna.py:422: UserWarning: Glyph 22987 (\N{CJK UNIFIED IDEOGRAPH-59CB}) missing from font(s) DejaVu Sans.
  fig.savefig(png_path, dpi=140)
/workspace/src/ship_control/scripts/train_rl_optuna.py:422: UserWarning: Glyph 36755 (\N{CJK UNIFIED IDEOGRAPH-8F93}) missing from font(s) DejaVu Sans.
  fig.savefig(png_path, dpi=140)
/workspace/src/ship_control/scripts/train_rl_optuna.py:422: UserWarning: Glyph 20986 (\N{CJK UNIFIED IDEOGRAPH-51FA}) missing from font(s) DejaVu Sans.
  fig.savefig(png_path, dpi=140)
/workspace/src/ship_control/scripts/train_rl_optuna.py:422: UserWarning: Glyph 20223 (\N{CJK UNIFIED IDEOGRAPH-4EFF}) missing from font(s) DejaVu Sans.
  fig.savefig(png_path, dpi=140)
/workspace/src/ship_control/scripts/train_rl_optuna.py:422: UserWarning: Glyph 30495 (\N{CJK UNIFIED IDEOGRAPH-771F}) missing from font(s) DejaVu Sans.
  fig.savefig(png_path, dpi=140)
/workspace/src/ship_control/scripts/train_rl_optuna.py:422: UserWarning: Glyph 25252 (\N{CJK UNIFIED IDEOGRAPH-62A4}) missing from font(s) DejaVu Sans.
  fig.savefig(png_path, dpi=140)
/workspace/src/ship_control/scripts/train_rl_optuna.py:422: UserWarning: Glyph 30462 (\N{CJK UNIFIED IDEOGRAPH-76FE}) missing from font(s) DejaVu Sans.
  fig.savefig(png_path, dpi=140)
/workspace/src/ship_control/scripts/train_rl_optuna.py:422: UserWarning: Glyph 20462 (\N{CJK UNIFIED IDEOGRAPH-4FEE}) missing from font(s) DejaVu Sans.
  fig.savefig(png_path, dpi=140)
/workspace/src/ship_control/scripts/train_rl_optuna.py:422: UserWarning: Glyph 27491 (\N{CJK UNIFIED IDEOGRAPH-6B63}) missing from font(s) DejaVu Sans.
  fig.savefig(png_path, dpi=140)
/workspace/src/ship_control/scripts/train_rl_optuna.py:422: UserWarning: Glyph 21518 (\N{CJK UNIFIED IDEOGRAPH-540E}) missing from font(s) DejaVu Sans.
  fig.savefig(png_path, dpi=140)
[viz] 动作对比折线图 → /workspace/logs/action_overlay_best.png

[done] all artefacts under: /workspace/models  &  /workspace/logs
